<?xml version="1.0" encoding="UTF-8"?>
<!-- Generated by org.testng.reporters.JUnitReportReporter -->
<testsuite hostname="DESKTOP-FPTRVIC" failures="0" tests="1" name="stepdefinition.Runner" time="3.285" errors="0" timestamp="2024-04-25T11:32:32 IST" skipped="0">
  <testcase classname="stepdefinition.Runner" name="login" time="3.285"/>
</testsuite> <!-- stepdefinition.Runner -->
